Using pre-set license
Built from '2022.3/staging' branch; Version is '2022.3.10f1 (ff3792e53c62) revision 16725906'; Using compiler version '192829333'; Build Type 'Release'
OS: 'Windows 11  (10.0.22621) 64bit Core' Language: 'en' Physical Memory: 15791 MB
BatchMode: 1, IsHumanControllingUs: 0, StartBugReporterOnCrash: 0, Is64bit: 1, IsPro: 1

COMMAND LINE ARGUMENTS:
C:\Program Files\2022.3.10f1\Editor\Unity.exe
-adb2
-batchMode
-noUpm
-name
AssetImportWorker4
-projectPath
C:/Users/afiss/Documents/AP hogeschool/Jaar 2/Semester 1/3d game dev/Millieu-Mafia/Millieu Mafia
-logFile
Logs/AssetImportWorker4.log
-srvPort
50704
Successfully changed project path to: C:/Users/afiss/Documents/AP hogeschool/Jaar 2/Semester 1/3d game dev/Millieu-Mafia/Millieu Mafia
C:/Users/afiss/Documents/AP hogeschool/Jaar 2/Semester 1/3d game dev/Millieu-Mafia/Millieu Mafia
[UnityMemory] Configuration Parameters - Can be set up in boot.config
    "memorysetup-bucket-allocator-granularity=16"
    "memorysetup-bucket-allocator-bucket-count=8"
    "memorysetup-bucket-allocator-block-size=33554432"
    "memorysetup-bucket-allocator-block-count=8"
    "memorysetup-main-allocator-block-size=16777216"
    "memorysetup-thread-allocator-block-size=16777216"
    "memorysetup-gfx-main-allocator-block-size=16777216"
    "memorysetup-gfx-thread-allocator-block-size=16777216"
    "memorysetup-cache-allocator-block-size=4194304"
    "memorysetup-typetree-allocator-block-size=2097152"
    "memorysetup-profiler-bucket-allocator-granularity=16"
    "memorysetup-profiler-bucket-allocator-bucket-count=8"
    "memorysetup-profiler-bucket-allocator-block-size=33554432"
    "memorysetup-profiler-bucket-allocator-block-count=8"
    "memorysetup-profiler-allocator-block-size=16777216"
    "memorysetup-profiler-editor-allocator-block-size=1048576"
    "memorysetup-temp-allocator-size-main=16777216"
    "memorysetup-job-temp-allocator-block-size=2097152"
    "memorysetup-job-temp-allocator-block-size-background=1048576"
    "memorysetup-job-temp-allocator-reduction-small-platforms=262144"
    "memorysetup-allocator-temp-initial-block-size-main=262144"
    "memorysetup-allocator-temp-initial-block-size-worker=262144"
    "memorysetup-temp-allocator-size-background-worker=32768"
    "memorysetup-temp-allocator-size-job-worker=262144"
    "memorysetup-temp-allocator-size-preload-manager=33554432"
    "memorysetup-temp-allocator-size-nav-mesh-worker=65536"
    "memorysetup-temp-allocator-size-audio-worker=65536"
    "memorysetup-temp-allocator-size-cloud-worker=32768"
    "memorysetup-temp-allocator-size-gi-baking-worker=262144"
    "memorysetup-temp-allocator-size-gfx=262144"
Player connection [37960] Host "[IP] 192.168.0.220 [Port] 0 [Flags] 2 [Guid] 3806144413 [EditorId] 3806144413 [Version] 1048832 [Id] WindowsEditor(7,LAPTOP-4EH8A9UR) [Debug] 1 [PackageName] WindowsEditor [ProjectName] Editor" joined multi-casting on [225.0.0.222:54997]...

Player connection [37960] Host "[IP] 192.168.0.220 [Port] 0 [Flags] 2 [Guid] 3806144413 [EditorId] 3806144413 [Version] 1048832 [Id] WindowsEditor(7,LAPTOP-4EH8A9UR) [Debug] 1 [PackageName] WindowsEditor [ProjectName] Editor" joined alternative multi-casting on [225.0.0.222:34997]...

[Physics::Module] Initialized MultithreadedJobDispatcher with 15 workers.
Refreshing native plugins compatible for Editor in 7.46 ms, found 3 plugins.
Preloading 0 native plugins for Editor in 0.00 ms.
Initialize engine version: 2022.3.10f1 (ff3792e53c62)
[Subsystems] Discovering subsystems at path C:/Program Files/2022.3.10f1/Editor/Data/Resources/UnitySubsystems
[Subsystems] Discovering subsystems at path C:/Users/afiss/Documents/AP hogeschool/Jaar 2/Semester 1/3d game dev/Millieu-Mafia/Millieu Mafia/Assets
GfxDevice: creating device client; threaded=0; jobified=0
Direct3D:
    Version:  Direct3D 11.0 [level 11.1]
    Renderer: NVIDIA GeForce RTX 3050 Laptop GPU (ID=0x25a2)
    Vendor:   NVIDIA
    VRAM:     3977 MB
    Driver:   31.0.15.4629
Initialize mono
Mono path[0] = 'C:/Program Files/2022.3.10f1/Editor/Data/Managed'
Mono path[1] = 'C:/Program Files/2022.3.10f1/Editor/Data/MonoBleedingEdge/lib/mono/unityjit-win32'
Mono config path = 'C:/Program Files/2022.3.10f1/Editor/Data/MonoBleedingEdge/etc'
Using monoOptions --debugger-agent=transport=dt_socket,embedding=1,server=y,suspend=n,address=127.0.0.1:56592
Begin MonoManager ReloadAssembly
Registering precompiled unity dll's ...
Register platform support module: C:/Program Files/2022.3.10f1/Editor/Data/PlaybackEngines/WebGLSupport/UnityEditor.WebGL.Extensions.dll
Register platform support module: C:/Program Files/2022.3.10f1/Editor/Data/PlaybackEngines/WindowsStandaloneSupport/UnityEditor.WindowsStandalone.Extensions.dll
Registered in 0.007402 seconds.
- Loaded All Assemblies, in  0.381 seconds
Native extension for WindowsStandalone target not found
Native extension for WebGL target not found
Mono: successfully reloaded assembly
- Finished resetting the current domain, in  0.274 seconds
Domain Reload Profiling: 654ms
	BeginReloadAssembly (116ms)
		ExecutionOrderSort (0ms)
		DisableScriptedObjects (0ms)
		BackupInstance (0ms)
		ReleaseScriptingObjects (0ms)
		CreateAndSetChildDomain (1ms)
	RebuildCommonClasses (38ms)
	RebuildNativeTypeToScriptingClass (12ms)
	initialDomainReloadingComplete (61ms)
	LoadAllAssembliesAndSetupDomain (152ms)
		LoadAssemblies (112ms)
		RebuildTransferFunctionScriptingTraits (0ms)
		AnalyzeDomain (150ms)
			TypeCache.Refresh (148ms)
				TypeCache.ScanAssembly (135ms)
			ScanForSourceGeneratedMonoScriptInfo (0ms)
			ResolveRequiredComponents (0ms)
	FinalizeReload (274ms)
		ReleaseScriptCaches (0ms)
		RebuildScriptCaches (0ms)
		SetupLoadedEditorAssemblies (213ms)
			LogAssemblyErrors (0ms)
			InitializePlatformSupportModulesInManaged (10ms)
			SetLoadedEditorAssemblies (6ms)
			RefreshPlugins (0ms)
			BeforeProcessingInitializeOnLoad (2ms)
			ProcessInitializeOnLoadAttributes (145ms)
			ProcessInitializeOnLoadMethodAttributes (50ms)
			AfterProcessingInitializeOnLoad (0ms)
			EditorAssembliesLoaded (0ms)
		ExecutionOrderSort2 (0ms)
		AwakeInstancesAfterBackupRestoration (0ms)
========================================================================
Worker process is ready to serve import requests
Begin MonoManager ReloadAssembly
- Loaded All Assemblies, in  0.712 seconds
Refreshing native plugins compatible for Editor in 4.27 ms, found 3 plugins.
Native extension for WindowsStandalone target not found
Native extension for WebGL target not found
Package Manager log level set to [2]
[Package Manager] Server::EnsureServerProcessIsRunning -- launch failed, reason: Unity was launched with the -noUpm command-line argument
[Package Manager] UpmClient::Send -- Unable to send message (not connected to UPM process).
[Package Manager] Cannot connect to Unity Package Manager local server
Mono: successfully reloaded assembly
- Finished resetting the current domain, in  0.629 seconds
Domain Reload Profiling: 1339ms
	BeginReloadAssembly (164ms)
		ExecutionOrderSort (0ms)
		DisableScriptedObjects (5ms)
		BackupInstance (0ms)
		ReleaseScriptingObjects (0ms)
		CreateAndSetChildDomain (27ms)
	RebuildCommonClasses (39ms)
	RebuildNativeTypeToScriptingClass (12ms)
	initialDomainReloadingComplete (44ms)
	LoadAllAssembliesAndSetupDomain (450ms)
		LoadAssemblies (347ms)
		RebuildTransferFunctionScriptingTraits (0ms)
		AnalyzeDomain (195ms)
			TypeCache.Refresh (173ms)
				TypeCache.ScanAssembly (154ms)
			ScanForSourceGeneratedMonoScriptInfo (14ms)
			ResolveRequiredComponents (5ms)
	FinalizeReload (630ms)
		ReleaseScriptCaches (0ms)
		RebuildScriptCaches (0ms)
		SetupLoadedEditorAssemblies (464ms)
			LogAssemblyErrors (0ms)
			InitializePlatformSupportModulesInManaged (7ms)
			SetLoadedEditorAssemblies (3ms)
			RefreshPlugins (0ms)
			BeforeProcessingInitializeOnLoad (63ms)
			ProcessInitializeOnLoadAttributes (360ms)
			ProcessInitializeOnLoadMethodAttributes (23ms)
			AfterProcessingInitializeOnLoad (7ms)
			EditorAssembliesLoaded (0ms)
		ExecutionOrderSort2 (0ms)
		AwakeInstancesAfterBackupRestoration (10ms)
Launched and connected shader compiler UnityShaderCompiler.exe after 0.07 seconds
Refreshing native plugins compatible for Editor in 4.78 ms, found 3 plugins.
Preloading 0 native plugins for Editor in 0.00 ms.
Unloading 3103 Unused Serialized files (Serialized files now loaded: 0)
Unloading 31 unused Assets / (56.4 KB). Loaded Objects now: 3592.
Memory consumption went from 129.8 MB to 129.8 MB.
Total: 4.714200 ms (FindLiveObjects: 0.372900 ms CreateObjectMapping: 0.299300 ms MarkObjects: 3.879600 ms  DeleteObjects: 0.159900 ms)

AssetImportParameters requested are different than current active one (requested -> active):
  custom:container-demuxer-ogg: 62fdf1f143b41e24485cea50d1cbac27 -> 
  custom:video-codec-MediaFoundation-h265: 746d11721c4dcdbdad8f713fa42b33f4 -> 
  custom:video-decoder-ogg-theora: a1e56fd34408186e4bbccfd4996cb3dc -> 
  custom:framework-win-MediaFoundation: 216162199b28c13a410421893ffa2e32 -> 
  custom:CustomObjectIndexerAttribute: 756ad292c208cfabdd7b50bc23989ffe -> 
  custom:container-demuxer-webm: 4f35f7cbe854078d1ac9338744f61a02 -> 
  custom:container-muxer-webm: aa71ff27fc2769a1b78a27578f13a17b -> 
  custom:video-decoder-webm-vp8: 9c59270c3fd7afecdb556c50c9e8de78 -> 
  custom:SearchIndexIgnoredProperties: e643bd26f0fe6173181afceb89e7c659 -> 
  custom:AudioImporter_EditorPlatform: d09bf68614088b80899f8185d706f6e7 -> 
  custom:video-encoder-webm-vp8: eb34c28f22e8b96e1ab97ce403110664 -> 
  custom:audio-decoder-ogg-vorbis: bf7c407c2cedff20999df2af8eb42d56 -> 
  custom:audio-encoder-webm-vorbis: bf7c407c2cedff20999df2af8eb42d56 -> 
========================================================================
Received Import Request.
  Time since last request: 22698.313648 seconds.
  path: Assets/Scenes/LevelKeanu.unity
  artifactKey: Guid(c2f1e41128bd2df418ec640e3226f96a) Importer(815301076,1909f56bfc062723c751e8b465ee728b)
Start importing Assets/Scenes/LevelKeanu.unity using Guid(c2f1e41128bd2df418ec640e3226f96a) Importer(815301076,1909f56bfc062723c751e8b465ee728b)  -> (artifact id: '1d34b21bd11990c34a88be8f9eecbedc') in 0.003036 seconds
Number of updated asset objects reloaded before import = 0
Number of asset objects unloaded after import = 0
========================================================================
Received Prepare
Begin MonoManager ReloadAssembly
- Loaded All Assemblies, in  0.489 seconds
Refreshing native plugins compatible for Editor in 4.68 ms, found 3 plugins.
Native extension for WindowsStandalone target not found
Native extension for WebGL target not found
[Package Manager] Server::EnsureServerProcessIsRunning -- launch failed, reason: Unity was launched with the -noUpm command-line argument
[Package Manager] UpmClient::Send -- Unable to send message (not connected to UPM process).
[Package Manager] Cannot connect to Unity Package Manager local server
Mono: successfully reloaded assembly
- Finished resetting the current domain, in  1.390 seconds
Domain Reload Profiling: 1876ms
	BeginReloadAssembly (161ms)
		ExecutionOrderSort (0ms)
		DisableScriptedObjects (6ms)
		BackupInstance (0ms)
		ReleaseScriptingObjects (0ms)
		CreateAndSetChildDomain (37ms)
	RebuildCommonClasses (35ms)
	RebuildNativeTypeToScriptingClass (13ms)
	initialDomainReloadingComplete (38ms)
	LoadAllAssembliesAndSetupDomain (238ms)
		LoadAssemblies (308ms)
		RebuildTransferFunctionScriptingTraits (0ms)
		AnalyzeDomain (12ms)
			TypeCache.Refresh (5ms)
				TypeCache.ScanAssembly (0ms)
			ScanForSourceGeneratedMonoScriptInfo (0ms)
			ResolveRequiredComponents (5ms)
	FinalizeReload (1390ms)
		ReleaseScriptCaches (0ms)
		RebuildScriptCaches (0ms)
		SetupLoadedEditorAssemblies (514ms)
			LogAssemblyErrors (0ms)
			InitializePlatformSupportModulesInManaged (11ms)
			SetLoadedEditorAssemblies (5ms)
			RefreshPlugins (0ms)
			BeforeProcessingInitializeOnLoad (85ms)
			ProcessInitializeOnLoadAttributes (382ms)
			ProcessInitializeOnLoadMethodAttributes (24ms)
			AfterProcessingInitializeOnLoad (7ms)
			EditorAssembliesLoaded (0ms)
		ExecutionOrderSort2 (0ms)
		AwakeInstancesAfterBackupRestoration (8ms)
Refreshing native plugins compatible for Editor in 6.83 ms, found 3 plugins.
Preloading 0 native plugins for Editor in 0.00 ms.
Unloading 3082 Unused Serialized files (Serialized files now loaded: 0)
Unloading 22 unused Assets / (30.5 KB). Loaded Objects now: 3595.
Memory consumption went from 125.6 MB to 125.5 MB.
Total: 4.243300 ms (FindLiveObjects: 0.463200 ms CreateObjectMapping: 0.124200 ms MarkObjects: 3.592400 ms  DeleteObjects: 0.061700 ms)

Prepare: number of updated asset objects reloaded= 0
AssetImportParameters requested are different than current active one (requested -> active):
  custom:container-demuxer-ogg: 62fdf1f143b41e24485cea50d1cbac27 -> 
  custom:video-codec-MediaFoundation-h265: 746d11721c4dcdbdad8f713fa42b33f4 -> 
  custom:video-decoder-ogg-theora: a1e56fd34408186e4bbccfd4996cb3dc -> 
  custom:framework-win-MediaFoundation: 216162199b28c13a410421893ffa2e32 -> 
  custom:CustomObjectIndexerAttribute: 756ad292c208cfabdd7b50bc23989ffe -> 
  custom:container-demuxer-webm: 4f35f7cbe854078d1ac9338744f61a02 -> 
  custom:container-muxer-webm: aa71ff27fc2769a1b78a27578f13a17b -> 
  custom:video-decoder-webm-vp8: 9c59270c3fd7afecdb556c50c9e8de78 -> 
  custom:SearchIndexIgnoredProperties: e643bd26f0fe6173181afceb89e7c659 -> 
  custom:AudioImporter_EditorPlatform: d09bf68614088b80899f8185d706f6e7 -> 
  custom:video-encoder-webm-vp8: eb34c28f22e8b96e1ab97ce403110664 -> 
  custom:audio-decoder-ogg-vorbis: bf7c407c2cedff20999df2af8eb42d56 -> 
  custom:audio-encoder-webm-vorbis: bf7c407c2cedff20999df2af8eb42d56 -> 
========================================================================
Received Prepare
Begin MonoManager ReloadAssembly
- Loaded All Assemblies, in  0.484 seconds
Refreshing native plugins compatible for Editor in 3.15 ms, found 3 plugins.
Native extension for WindowsStandalone target not found
Native extension for WebGL target not found
[Package Manager] Server::EnsureServerProcessIsRunning -- launch failed, reason: Unity was launched with the -noUpm command-line argument
[Package Manager] UpmClient::Send -- Unable to send message (not connected to UPM process).
[Package Manager] Cannot connect to Unity Package Manager local server
Mono: successfully reloaded assembly
- Finished resetting the current domain, in  1.133 seconds
Domain Reload Profiling: 1614ms
	BeginReloadAssembly (165ms)
		ExecutionOrderSort (0ms)
		DisableScriptedObjects (5ms)
		BackupInstance (0ms)
		ReleaseScriptingObjects (0ms)
		CreateAndSetChildDomain (36ms)
	RebuildCommonClasses (36ms)
	RebuildNativeTypeToScriptingClass (12ms)
	initialDomainReloadingComplete (31ms)
	LoadAllAssembliesAndSetupDomain (236ms)
		LoadAssemblies (315ms)
		RebuildTransferFunctionScriptingTraits (0ms)
		AnalyzeDomain (13ms)
			TypeCache.Refresh (7ms)
				TypeCache.ScanAssembly (0ms)
			ScanForSourceGeneratedMonoScriptInfo (0ms)
			ResolveRequiredComponents (4ms)
	FinalizeReload (1134ms)
		ReleaseScriptCaches (0ms)
		RebuildScriptCaches (0ms)
		SetupLoadedEditorAssemblies (501ms)
			LogAssemblyErrors (0ms)
			InitializePlatformSupportModulesInManaged (9ms)
			SetLoadedEditorAssemblies (5ms)
			RefreshPlugins (0ms)
			BeforeProcessingInitializeOnLoad (84ms)
			ProcessInitializeOnLoadAttributes (366ms)
			ProcessInitializeOnLoadMethodAttributes (28ms)
			AfterProcessingInitializeOnLoad (9ms)
			EditorAssembliesLoaded (0ms)
		ExecutionOrderSort2 (0ms)
		AwakeInstancesAfterBackupRestoration (8ms)
Refreshing native plugins compatible for Editor in 4.47 ms, found 3 plugins.
Preloading 0 native plugins for Editor in 0.00 ms.
Unloading 3083 Unused Serialized files (Serialized files now loaded: 0)
Unloading 22 unused Assets / (30.5 KB). Loaded Objects now: 3598.
Memory consumption went from 125.8 MB to 125.8 MB.
Total: 4.298800 ms (FindLiveObjects: 0.390400 ms CreateObjectMapping: 0.240400 ms MarkObjects: 3.572800 ms  DeleteObjects: 0.093600 ms)

Prepare: number of updated asset objects reloaded= 0
AssetImportParameters requested are different than current active one (requested -> active):
  custom:container-demuxer-ogg: 62fdf1f143b41e24485cea50d1cbac27 -> 
  custom:video-codec-MediaFoundation-h265: 746d11721c4dcdbdad8f713fa42b33f4 -> 
  custom:video-decoder-ogg-theora: a1e56fd34408186e4bbccfd4996cb3dc -> 
  custom:framework-win-MediaFoundation: 216162199b28c13a410421893ffa2e32 -> 
  custom:CustomObjectIndexerAttribute: 756ad292c208cfabdd7b50bc23989ffe -> 
  custom:container-demuxer-webm: 4f35f7cbe854078d1ac9338744f61a02 -> 
  custom:container-muxer-webm: aa71ff27fc2769a1b78a27578f13a17b -> 
  custom:video-decoder-webm-vp8: 9c59270c3fd7afecdb556c50c9e8de78 -> 
  custom:SearchIndexIgnoredProperties: e643bd26f0fe6173181afceb89e7c659 -> 
  custom:AudioImporter_EditorPlatform: d09bf68614088b80899f8185d706f6e7 -> 
  custom:video-encoder-webm-vp8: eb34c28f22e8b96e1ab97ce403110664 -> 
  custom:audio-decoder-ogg-vorbis: bf7c407c2cedff20999df2af8eb42d56 -> 
  custom:audio-encoder-webm-vorbis: bf7c407c2cedff20999df2af8eb42d56 -> 
========================================================================
Received Import Request.
  Time since last request: 228.994655 seconds.
  path: Assets/Guns 1
  artifactKey: Guid(a28165897e598214ca476a9e9268548b) Importer(815301076,1909f56bfc062723c751e8b465ee728b)
Start importing Assets/Guns 1 using Guid(a28165897e598214ca476a9e9268548b) Importer(815301076,1909f56bfc062723c751e8b465ee728b)  -> (artifact id: '07c3d25c1251acd244e5b2e04083ce1e') in 0.005200 seconds
Number of updated asset objects reloaded before import = 0
Number of asset objects unloaded after import = 0
========================================================================
Received Import Request.
  Time since last request: 8.500479 seconds.
  path: Assets/Guns
  artifactKey: Guid(30d52bf9449d28240a941087b6ba1962) Importer(815301076,1909f56bfc062723c751e8b465ee728b)
Start importing Assets/Guns using Guid(30d52bf9449d28240a941087b6ba1962) Importer(815301076,1909f56bfc062723c751e8b465ee728b)  -> (artifact id: 'acd67f8d1ce9b1626b77bc0cda6b0a91') in 0.001314 seconds
Number of updated asset objects reloaded before import = 0
Number of asset objects unloaded after import = 0
========================================================================
Received Import Request.
  Time since last request: 6.922220 seconds.
  path: Assets/Guns/Sci Fi Gun Light
  artifactKey: Guid(4c7d3d909277c8d45b62543539517a58) Importer(815301076,1909f56bfc062723c751e8b465ee728b)
Start importing Assets/Guns/Sci Fi Gun Light using Guid(4c7d3d909277c8d45b62543539517a58) Importer(815301076,1909f56bfc062723c751e8b465ee728b)  -> (artifact id: 'a52c743db5af14d91b167a2deb6d7a25') in 0.000594 seconds
Number of updated asset objects reloaded before import = 0
Number of asset objects unloaded after import = 0
========================================================================
Received Import Request.
  Time since last request: 1.979252 seconds.
  path: Assets/Guns/Sci Fi Gun Light/_materials
  artifactKey: Guid(a284953c5d79bdf4c8b4ee52f2cef5ae) Importer(815301076,1909f56bfc062723c751e8b465ee728b)
Start importing Assets/Guns/Sci Fi Gun Light/_materials using Guid(a284953c5d79bdf4c8b4ee52f2cef5ae) Importer(815301076,1909f56bfc062723c751e8b465ee728b)  -> (artifact id: '8269f1fbe9553cb07a8140b716c6e001') in 0.000552 seconds
Number of updated asset objects reloaded before import = 0
Number of asset objects unloaded after import = 0
========================================================================
Received Import Request.
  Time since last request: 8.983593 seconds.
  path: Assets/Guns/Sci Fi Gun Light/_models
  artifactKey: Guid(33f9dadd88dcf4745a5f22e0c5b26f46) Importer(815301076,1909f56bfc062723c751e8b465ee728b)
Start importing Assets/Guns/Sci Fi Gun Light/_models using Guid(33f9dadd88dcf4745a5f22e0c5b26f46) Importer(815301076,1909f56bfc062723c751e8b465ee728b)  -> (artifact id: '732fc0e211e911442d1983afd7e61427') in 0.000702 seconds
Number of updated asset objects reloaded before import = 0
Number of asset objects unloaded after import = 0
========================================================================
Received Import Request.
  Time since last request: 0.043199 seconds.
  path: Assets/Guns/Sci Fi Gun Light/_models/GunHeavy.FBX
  artifactKey: Guid(584761fab006d6d42b4d0d8c56a51241) Importer(815301076,1909f56bfc062723c751e8b465ee728b)
Start importing Assets/Guns/Sci Fi Gun Light/_models/GunHeavy.FBX using Guid(584761fab006d6d42b4d0d8c56a51241) Importer(815301076,1909f56bfc062723c751e8b465ee728b)  -> (artifact id: '967780df99983e8849c1991e947576a1') in 0.154283 seconds
Number of updated asset objects reloaded before import = 0
Number of asset objects unloaded after import = 7
========================================================================
Received Import Request.
  Time since last request: 5.251785 seconds.
  path: Assets/Guns/SCI-FI Toxin Guns
  artifactKey: Guid(a180a1f8c6dca7a4a907b42c8d9fd985) Importer(815301076,1909f56bfc062723c751e8b465ee728b)
Start importing Assets/Guns/SCI-FI Toxin Guns using Guid(a180a1f8c6dca7a4a907b42c8d9fd985) Importer(815301076,1909f56bfc062723c751e8b465ee728b)  -> (artifact id: '9ba818dde0b2fcb5d19c2f559d5b7f6e') in 0.001039 seconds
Number of updated asset objects reloaded before import = 0
Number of asset objects unloaded after import = 0
========================================================================
Received Import Request.
  Time since last request: 3.542472 seconds.
  path: Assets/Guns/SCI-FI Toxin Guns/prefabs
  artifactKey: Guid(1dc13700e65147f4387cd7c00319c071) Importer(815301076,1909f56bfc062723c751e8b465ee728b)
Start importing Assets/Guns/SCI-FI Toxin Guns/prefabs using Guid(1dc13700e65147f4387cd7c00319c071) Importer(815301076,1909f56bfc062723c751e8b465ee728b)  -> (artifact id: '24d9965b2566d25269292ced99c019e9') in 0.000547 seconds
Number of updated asset objects reloaded before import = 0
Number of asset objects unloaded after import = 0
========================================================================
Received Import Request.
  Time since last request: 0.061275 seconds.
  path: Assets/Guns/SCI-FI Toxin Guns/prefabs/poisongunbase2.prefab
  artifactKey: Guid(5d4a5a49d03a3d945a7fb1fbf87bdbc9) Importer(815301076,1909f56bfc062723c751e8b465ee728b)
Start importing Assets/Guns/SCI-FI Toxin Guns/prefabs/poisongunbase2.prefab using Guid(5d4a5a49d03a3d945a7fb1fbf87bdbc9) Importer(815301076,1909f56bfc062723c751e8b465ee728b)  -> (artifact id: '0bcef9fbf5d1df04182a06286237cbd4') in 0.003347 seconds
Number of updated asset objects reloaded before import = 0
Number of asset objects unloaded after import = 6
========================================================================
Received Import Request.
  Time since last request: 39.873855 seconds.
  path: Assets/Guns/SCI-FI Toxin Guns/textures
  artifactKey: Guid(6875fad8cc216744dbcb4c6dca14cb80) Importer(815301076,1909f56bfc062723c751e8b465ee728b)
Start importing Assets/Guns/SCI-FI Toxin Guns/textures using Guid(6875fad8cc216744dbcb4c6dca14cb80) Importer(815301076,1909f56bfc062723c751e8b465ee728b)  -> (artifact id: '751b6c15b78be27c5505f6971010990a') in 0.000715 seconds
Number of updated asset objects reloaded before import = 0
Number of asset objects unloaded after import = 0
========================================================================
Received Import Request.
  Time since last request: 0.865821 seconds.
  path: Assets/Guns/SCI-FI Toxin Guns/textures/gun1
  artifactKey: Guid(2fe2a080c62a63b4995d396ccae95858) Importer(815301076,1909f56bfc062723c751e8b465ee728b)
Start importing Assets/Guns/SCI-FI Toxin Guns/textures/gun1 using Guid(2fe2a080c62a63b4995d396ccae95858) Importer(815301076,1909f56bfc062723c751e8b465ee728b)  -> (artifact id: '8128a797787be4f7ec4321cd9983d73f') in 0.000687 seconds
Number of updated asset objects reloaded before import = 0
Number of asset objects unloaded after import = 0
========================================================================
Received Import Request.
  Time since last request: 0.060135 seconds.
  path: Assets/Guns/SCI-FI Toxin Guns/textures/gun1/New Material.mat
  artifactKey: Guid(83be847a3bc3ab84f9ea194a6d107967) Importer(815301076,1909f56bfc062723c751e8b465ee728b)
Start importing Assets/Guns/SCI-FI Toxin Guns/textures/gun1/New Material.mat using Guid(83be847a3bc3ab84f9ea194a6d107967) Importer(815301076,1909f56bfc062723c751e8b465ee728b)  -> (artifact id: '2d769642fb73cb77b051d39c5a551147') in 0.051575 seconds
Number of updated asset objects reloaded before import = 0
Number of asset objects unloaded after import = 1
========================================================================
Received Import Request.
  Time since last request: 0.000032 seconds.
  path: Assets/Guns/SCI-FI Toxin Guns/textures/gun1/spacegun2_DefaultMaterial_MetallicSmoothness.png
  artifactKey: Guid(67af3e6f047c7ba49807ef3b4f719916) Importer(815301076,1909f56bfc062723c751e8b465ee728b)
Start importing Assets/Guns/SCI-FI Toxin Guns/textures/gun1/spacegun2_DefaultMaterial_MetallicSmoothness.png using Guid(67af3e6f047c7ba49807ef3b4f719916) Importer(815301076,1909f56bfc062723c751e8b465ee728b)  -> (artifact id: '91c828a2f57c71d26c27a9cd76ceec60') in 0.034529 seconds
Number of updated asset objects reloaded before import = 0
Number of asset objects unloaded after import = 2
========================================================================
Received Import Request.
  Time since last request: 0.000044 seconds.
  path: Assets/Guns/SCI-FI Toxin Guns/textures/gun1/spacegun2_DefaultMaterial_Emission.png
  artifactKey: Guid(98a917b8da9ec8d40b51f070a85ca2ab) Importer(815301076,1909f56bfc062723c751e8b465ee728b)
Start importing Assets/Guns/SCI-FI Toxin Guns/textures/gun1/spacegun2_DefaultMaterial_Emission.png using Guid(98a917b8da9ec8d40b51f070a85ca2ab) Importer(815301076,1909f56bfc062723c751e8b465ee728b)  -> (artifact id: 'aa8a1d7b9fdff11674aacadb155799d8') in 0.027360 seconds
Number of updated asset objects reloaded before import = 0
Number of asset objects unloaded after import = 2
Editor requested this worker to shutdown with reason: Scaling down because of idle timeout
TcpMessagingSession - receive error: operation aborted. errorcode: 995, details: The I/O operation has been aborted because of either a thread exit or an application request.
AssetImportWorker is now disconnected from the server
Process exiting
Exiting without the bug reporter. Application will terminate with return code 0