Using pre-set license
Built from '2022.3/staging' branch; Version is '2022.3.10f1 (ff3792e53c62) revision 16725906'; Using compiler version '192829333'; Build Type 'Release'
OS: 'Windows 11  (10.0.22621) 64bit Core' Language: 'en' Physical Memory: 15791 MB
BatchMode: 1, IsHumanControllingUs: 0, StartBugReporterOnCrash: 0, Is64bit: 1, IsPro: 1

COMMAND LINE ARGUMENTS:
C:\Program Files\2022.3.10f1\Editor\Unity.exe
-adb2
-batchMode
-noUpm
-name
AssetImportWorker8
-projectPath
C:/Users/afiss/Documents/AP hogeschool/Jaar 2/Semester 1/3d game dev/Millieu-Mafia/Millieu Mafia
-logFile
Logs/AssetImportWorker8.log
-srvPort
50704
Successfully changed project path to: C:/Users/afiss/Documents/AP hogeschool/Jaar 2/Semester 1/3d game dev/Millieu-Mafia/Millieu Mafia
C:/Users/afiss/Documents/AP hogeschool/Jaar 2/Semester 1/3d game dev/Millieu-Mafia/Millieu Mafia
[UnityMemory] Configuration Parameters - Can be set up in boot.config
    "memorysetup-bucket-allocator-granularity=16"
    "memorysetup-bucket-allocator-bucket-count=8"
    "memorysetup-bucket-allocator-block-size=33554432"
    "memorysetup-bucket-allocator-block-count=8"
    "memorysetup-main-allocator-block-size=16777216"
    "memorysetup-thread-allocator-block-size=16777216"
    "memorysetup-gfx-main-allocator-block-size=16777216"
    "memorysetup-gfx-thread-allocator-block-size=16777216"
    "memorysetup-cache-allocator-block-size=4194304"
    "memorysetup-typetree-allocator-block-size=2097152"
    "memorysetup-profiler-bucket-allocator-granularity=16"
    "memorysetup-profiler-bucket-allocator-bucket-count=8"
    "memorysetup-profiler-bucket-allocator-block-size=33554432"
    "memorysetup-profiler-bucket-allocator-block-count=8"
    "memorysetup-profiler-allocator-block-size=16777216"
    "memorysetup-profiler-editor-allocator-block-size=1048576"
    "memorysetup-temp-allocator-size-main=16777216"
    "memorysetup-job-temp-allocator-block-size=2097152"
    "memorysetup-job-temp-allocator-block-size-background=1048576"
    "memorysetup-job-temp-allocator-reduction-small-platforms=262144"
    "memorysetup-allocator-temp-initial-block-size-main=262144"
    "memorysetup-allocator-temp-initial-block-size-worker=262144"
    "memorysetup-temp-allocator-size-background-worker=32768"
    "memorysetup-temp-allocator-size-job-worker=262144"
    "memorysetup-temp-allocator-size-preload-manager=33554432"
    "memorysetup-temp-allocator-size-nav-mesh-worker=65536"
    "memorysetup-temp-allocator-size-audio-worker=65536"
    "memorysetup-temp-allocator-size-cloud-worker=32768"
    "memorysetup-temp-allocator-size-gi-baking-worker=262144"
    "memorysetup-temp-allocator-size-gfx=262144"
Player connection [19772] Host "[IP] 192.168.0.220 [Port] 0 [Flags] 2 [Guid] 1197700625 [EditorId] 1197700625 [Version] 1048832 [Id] WindowsEditor(7,LAPTOP-4EH8A9UR) [Debug] 1 [PackageName] WindowsEditor [ProjectName] Editor" joined multi-casting on [225.0.0.222:54997]...

Player connection [19772] Host "[IP] 192.168.0.220 [Port] 0 [Flags] 2 [Guid] 1197700625 [EditorId] 1197700625 [Version] 1048832 [Id] WindowsEditor(7,LAPTOP-4EH8A9UR) [Debug] 1 [PackageName] WindowsEditor [ProjectName] Editor" joined alternative multi-casting on [225.0.0.222:34997]...

[Physics::Module] Initialized MultithreadedJobDispatcher with 15 workers.
Refreshing native plugins compatible for Editor in 12.71 ms, found 3 plugins.
Preloading 0 native plugins for Editor in 0.00 ms.
Initialize engine version: 2022.3.10f1 (ff3792e53c62)
[Subsystems] Discovering subsystems at path C:/Program Files/2022.3.10f1/Editor/Data/Resources/UnitySubsystems
[Subsystems] Discovering subsystems at path C:/Users/afiss/Documents/AP hogeschool/Jaar 2/Semester 1/3d game dev/Millieu-Mafia/Millieu Mafia/Assets
GfxDevice: creating device client; threaded=0; jobified=0
Direct3D:
    Version:  Direct3D 11.0 [level 11.1]
    Renderer: NVIDIA GeForce RTX 3050 Laptop GPU (ID=0x25a2)
    Vendor:   NVIDIA
    VRAM:     3977 MB
    Driver:   31.0.15.4629
Initialize mono
Mono path[0] = 'C:/Program Files/2022.3.10f1/Editor/Data/Managed'
Mono path[1] = 'C:/Program Files/2022.3.10f1/Editor/Data/MonoBleedingEdge/lib/mono/unityjit-win32'
Mono config path = 'C:/Program Files/2022.3.10f1/Editor/Data/MonoBleedingEdge/etc'
Using monoOptions --debugger-agent=transport=dt_socket,embedding=1,server=y,suspend=n,address=127.0.0.1:56872
Begin MonoManager ReloadAssembly
Registering precompiled unity dll's ...
Register platform support module: C:/Program Files/2022.3.10f1/Editor/Data/PlaybackEngines/WebGLSupport/UnityEditor.WebGL.Extensions.dll
Register platform support module: C:/Program Files/2022.3.10f1/Editor/Data/PlaybackEngines/WindowsStandaloneSupport/UnityEditor.WindowsStandalone.Extensions.dll
Registered in 0.009680 seconds.
- Loaded All Assemblies, in  0.505 seconds
Native extension for WindowsStandalone target not found
Native extension for WebGL target not found
Mono: successfully reloaded assembly
- Finished resetting the current domain, in  0.424 seconds
Domain Reload Profiling: 927ms
	BeginReloadAssembly (151ms)
		ExecutionOrderSort (0ms)
		DisableScriptedObjects (0ms)
		BackupInstance (0ms)
		ReleaseScriptingObjects (0ms)
		CreateAndSetChildDomain (1ms)
	RebuildCommonClasses (53ms)
	RebuildNativeTypeToScriptingClass (16ms)
	initialDomainReloadingComplete (99ms)
	LoadAllAssembliesAndSetupDomain (183ms)
		LoadAssemblies (149ms)
		RebuildTransferFunctionScriptingTraits (0ms)
		AnalyzeDomain (181ms)
			TypeCache.Refresh (179ms)
				TypeCache.ScanAssembly (158ms)
			ScanForSourceGeneratedMonoScriptInfo (0ms)
			ResolveRequiredComponents (1ms)
	FinalizeReload (425ms)
		ReleaseScriptCaches (0ms)
		RebuildScriptCaches (0ms)
		SetupLoadedEditorAssemblies (333ms)
			LogAssemblyErrors (0ms)
			InitializePlatformSupportModulesInManaged (17ms)
			SetLoadedEditorAssemblies (10ms)
			RefreshPlugins (0ms)
			BeforeProcessingInitializeOnLoad (4ms)
			ProcessInitializeOnLoadAttributes (234ms)
			ProcessInitializeOnLoadMethodAttributes (67ms)
			AfterProcessingInitializeOnLoad (0ms)
			EditorAssembliesLoaded (0ms)
		ExecutionOrderSort2 (0ms)
		AwakeInstancesAfterBackupRestoration (0ms)
========================================================================
Worker process is ready to serve import requests
Begin MonoManager ReloadAssembly
- Loaded All Assemblies, in  0.701 seconds
Refreshing native plugins compatible for Editor in 4.53 ms, found 3 plugins.
Native extension for WindowsStandalone target not found
Native extension for WebGL target not found
Package Manager log level set to [2]
[Package Manager] Server::EnsureServerProcessIsRunning -- launch failed, reason: Unity was launched with the -noUpm command-line argument
[Package Manager] UpmClient::Send -- Unable to send message (not connected to UPM process).
[Package Manager] Cannot connect to Unity Package Manager local server
Mono: successfully reloaded assembly
- Finished resetting the current domain, in  0.717 seconds
Domain Reload Profiling: 1416ms
	BeginReloadAssembly (167ms)
		ExecutionOrderSort (0ms)
		DisableScriptedObjects (7ms)
		BackupInstance (0ms)
		ReleaseScriptingObjects (0ms)
		CreateAndSetChildDomain (27ms)
	RebuildCommonClasses (37ms)
	RebuildNativeTypeToScriptingClass (12ms)
	initialDomainReloadingComplete (45ms)
	LoadAllAssembliesAndSetupDomain (437ms)
		LoadAssemblies (318ms)
		RebuildTransferFunctionScriptingTraits (0ms)
		AnalyzeDomain (205ms)
			TypeCache.Refresh (173ms)
				TypeCache.ScanAssembly (154ms)
			ScanForSourceGeneratedMonoScriptInfo (24ms)
			ResolveRequiredComponents (6ms)
	FinalizeReload (718ms)
		ReleaseScriptCaches (0ms)
		RebuildScriptCaches (0ms)
		SetupLoadedEditorAssemblies (509ms)
			LogAssemblyErrors (0ms)
			InitializePlatformSupportModulesInManaged (10ms)
			SetLoadedEditorAssemblies (4ms)
			RefreshPlugins (0ms)
			BeforeProcessingInitializeOnLoad (76ms)
			ProcessInitializeOnLoadAttributes (390ms)
			ProcessInitializeOnLoadMethodAttributes (22ms)
			AfterProcessingInitializeOnLoad (7ms)
			EditorAssembliesLoaded (0ms)
		ExecutionOrderSort2 (0ms)
		AwakeInstancesAfterBackupRestoration (10ms)
Launched and connected shader compiler UnityShaderCompiler.exe after 0.06 seconds
Refreshing native plugins compatible for Editor in 7.83 ms, found 3 plugins.
Preloading 0 native plugins for Editor in 0.00 ms.
Unloading 3277 Unused Serialized files (Serialized files now loaded: 0)
Unloading 43 unused Assets / (1.3 MB). Loaded Objects now: 3755.
Memory consumption went from 149.3 MB to 148.0 MB.
Total: 8.141100 ms (FindLiveObjects: 0.594100 ms CreateObjectMapping: 0.390500 ms MarkObjects: 6.389600 ms  DeleteObjects: 0.764000 ms)

AssetImportParameters requested are different than current active one (requested -> active):
  custom:container-demuxer-ogg: 62fdf1f143b41e24485cea50d1cbac27 -> 
  custom:video-codec-MediaFoundation-h265: 746d11721c4dcdbdad8f713fa42b33f4 -> 
  custom:video-decoder-ogg-theora: a1e56fd34408186e4bbccfd4996cb3dc -> 
  custom:framework-win-MediaFoundation: 216162199b28c13a410421893ffa2e32 -> 
  custom:CustomObjectIndexerAttribute: 756ad292c208cfabdd7b50bc23989ffe -> 
  custom:container-demuxer-webm: 4f35f7cbe854078d1ac9338744f61a02 -> 
  custom:container-muxer-webm: aa71ff27fc2769a1b78a27578f13a17b -> 
  custom:video-decoder-webm-vp8: 9c59270c3fd7afecdb556c50c9e8de78 -> 
  custom:SearchIndexIgnoredProperties: e643bd26f0fe6173181afceb89e7c659 -> 
  custom:AudioImporter_EditorPlatform: d09bf68614088b80899f8185d706f6e7 -> 
  custom:video-encoder-webm-vp8: eb34c28f22e8b96e1ab97ce403110664 -> 
  custom:audio-decoder-ogg-vorbis: bf7c407c2cedff20999df2af8eb42d56 -> 
  custom:audio-encoder-webm-vorbis: bf7c407c2cedff20999df2af8eb42d56 -> 
========================================================================
Received Import Request.
  Time since last request: 26097.209754 seconds.
  path: Assets/vfx/JMO Assets/Cartoon FX Remaster/CFXR Prefabs/Magic Misc/CFXR4 Falling Stars.prefab
  artifactKey: Guid(85b062a5517cf8345bb6784ffbed4877) Importer(815301076,1909f56bfc062723c751e8b465ee728b)
Start importing Assets/vfx/JMO Assets/Cartoon FX Remaster/CFXR Prefabs/Magic Misc/CFXR4 Falling Stars.prefab using Guid(85b062a5517cf8345bb6784ffbed4877) Importer(815301076,1909f56bfc062723c751e8b465ee728b)  -> (artifact id: '52a437d0d9e012b9325512e8705ceaaf') in 0.189040 seconds
Number of updated asset objects reloaded before import = 0
Number of asset objects unloaded after import = 14
========================================================================
Received Import Request.
  Time since last request: 285.598684 seconds.
  path: Assets/Guns/Sci-Fi Rifle/Sci-Fi Rifle_fbx.FBX
  artifactKey: Guid(b5742c35cad19b945bc129c719875b2d) Importer(815301076,1909f56bfc062723c751e8b465ee728b)
Start importing Assets/Guns/Sci-Fi Rifle/Sci-Fi Rifle_fbx.FBX using Guid(b5742c35cad19b945bc129c719875b2d) Importer(815301076,1909f56bfc062723c751e8b465ee728b)  -> (artifact id: '42dc6874d40791779d21cac7d7ec6549') in 0.103815 seconds
Number of updated asset objects reloaded before import = 0
Number of asset objects unloaded after import = 14
========================================================================
Received Import Request.
  Time since last request: 0.464404 seconds.
  path: Assets/Guns/Sci Fi Gun Light/_prefabs/GunLight/SciFiGunLightBlue.prefab
  artifactKey: Guid(3c81b162a1af44348b8994f7040514d4) Importer(815301076,1909f56bfc062723c751e8b465ee728b)
Start importing Assets/Guns/Sci Fi Gun Light/_prefabs/GunLight/SciFiGunLightBlue.prefab using Guid(3c81b162a1af44348b8994f7040514d4) Importer(815301076,1909f56bfc062723c751e8b465ee728b)  -> (artifact id: '4884ef445c7421de4364820dde5706aa') in 0.144759 seconds
Number of updated asset objects reloaded before import = 0
Number of asset objects unloaded after import = 12
========================================================================
Received Import Request.
  Time since last request: 0.606722 seconds.
  path: Assets/Guns/Sci Fi Gun Light/_prefabs/GunLight/SciFiGunLightWhite.prefab
  artifactKey: Guid(1d8e61deede12df46b37e582ad640c5c) Importer(815301076,1909f56bfc062723c751e8b465ee728b)
Start importing Assets/Guns/Sci Fi Gun Light/_prefabs/GunLight/SciFiGunLightWhite.prefab using Guid(1d8e61deede12df46b37e582ad640c5c) Importer(815301076,1909f56bfc062723c751e8b465ee728b)  -> (artifact id: '17227b40f8ca5fd6843b0ec988e37078') in 0.050649 seconds
Number of updated asset objects reloaded before import = 0
Number of asset objects unloaded after import = 12
========================================================================
Received Import Request.
  Time since last request: 47.239393 seconds.
  path: Assets/Guns/Sci Fi Gun Light/_materials/CubeMap.exr
  artifactKey: Guid(bc5d7914c594d274b9bb50cb9f34081d) Importer(815301076,1909f56bfc062723c751e8b465ee728b)
Start importing Assets/Guns/Sci Fi Gun Light/_materials/CubeMap.exr using Guid(bc5d7914c594d274b9bb50cb9f34081d) Importer(815301076,1909f56bfc062723c751e8b465ee728b)  -> (artifact id: '549fc971ff6e52533a1e311f62be9495') in 0.175250 seconds
Number of updated asset objects reloaded before import = 0
Number of asset objects unloaded after import = 1
========================================================================
Received Import Request.
  Time since last request: 5.938578 seconds.
  path: Assets/Guns/Sci Fi Gun Light/_prefabs
  artifactKey: Guid(14dbb18d3678c234da1023e170abe6c5) Importer(815301076,1909f56bfc062723c751e8b465ee728b)
Start importing Assets/Guns/Sci Fi Gun Light/_prefabs using Guid(14dbb18d3678c234da1023e170abe6c5) Importer(815301076,1909f56bfc062723c751e8b465ee728b)  -> (artifact id: '9a56c1e2ada8a127ee2eab6af8fe2693') in 0.000762 seconds
Number of updated asset objects reloaded before import = 0
Number of asset objects unloaded after import = 0
========================================================================
Received Import Request.
  Time since last request: 0.927782 seconds.
  path: Assets/Guns/Sci Fi Gun Light/_prefabs/GunLight
  artifactKey: Guid(725e685d852ada3489cd8f7d9f441221) Importer(815301076,1909f56bfc062723c751e8b465ee728b)
Start importing Assets/Guns/Sci Fi Gun Light/_prefabs/GunLight using Guid(725e685d852ada3489cd8f7d9f441221) Importer(815301076,1909f56bfc062723c751e8b465ee728b)  -> (artifact id: '454cda5b20538ee327f02703b64e7999') in 0.001048 seconds
Number of updated asset objects reloaded before import = 0
Number of asset objects unloaded after import = 0
========================================================================
Received Import Request.
  Time since last request: 59.616889 seconds.
  path: Assets/Guns/Sci Fi Gun Light/_textures
  artifactKey: Guid(bdcc5e75277bf8c4aa5ced51627cfa85) Importer(815301076,1909f56bfc062723c751e8b465ee728b)
Start importing Assets/Guns/Sci Fi Gun Light/_textures using Guid(bdcc5e75277bf8c4aa5ced51627cfa85) Importer(815301076,1909f56bfc062723c751e8b465ee728b)  -> (artifact id: 'a3520f2c423f5ae60a4773f1f63f4873') in 0.000980 seconds
Number of updated asset objects reloaded before import = 0
Number of asset objects unloaded after import = 0
========================================================================
Received Import Request.
  Time since last request: 1.596722 seconds.
  path: Assets/Guns/Sci Fi Gun Light/_textures/GunTwo
  artifactKey: Guid(fb60a2b18948f9f49bc49d74160e7bee) Importer(815301076,1909f56bfc062723c751e8b465ee728b)
Start importing Assets/Guns/Sci Fi Gun Light/_textures/GunTwo using Guid(fb60a2b18948f9f49bc49d74160e7bee) Importer(815301076,1909f56bfc062723c751e8b465ee728b)  -> (artifact id: 'af1275915b9763ef1814d3063cbdf092') in 0.000904 seconds
Number of updated asset objects reloaded before import = 0
Number of asset objects unloaded after import = 0
========================================================================
Received Import Request.
  Time since last request: 0.039407 seconds.
  path: Assets/Guns/Sci Fi Gun Light/_textures/GunTwo/GunTwo_Emission1.png
  artifactKey: Guid(b199bdf781c163b469823a86f9204ac9) Importer(815301076,1909f56bfc062723c751e8b465ee728b)
Start importing Assets/Guns/Sci Fi Gun Light/_textures/GunTwo/GunTwo_Emission1.png using Guid(b199bdf781c163b469823a86f9204ac9) Importer(815301076,1909f56bfc062723c751e8b465ee728b)  -> (artifact id: 'd3071f2e739fb285bedb61297209e487') in 0.044197 seconds
Number of updated asset objects reloaded before import = 0
Number of asset objects unloaded after import = 2
========================================================================
Received Import Request.
  Time since last request: 0.000021 seconds.
  path: Assets/Guns/Sci Fi Gun Light/_textures/GunTwo/GunTwo_Normal.png
  artifactKey: Guid(ccc8c4c4e95fdcc4c9ae6aae9295360f) Importer(815301076,1909f56bfc062723c751e8b465ee728b)
Start importing Assets/Guns/Sci Fi Gun Light/_textures/GunTwo/GunTwo_Normal.png using Guid(ccc8c4c4e95fdcc4c9ae6aae9295360f) Importer(815301076,1909f56bfc062723c751e8b465ee728b)  -> (artifact id: '66ead0b9bf6871214c4ea702c74e19d7') in 0.035192 seconds
Number of updated asset objects reloaded before import = 0
Number of asset objects unloaded after import = 2
========================================================================
Received Import Request.
  Time since last request: 3.287857 seconds.
  path: Assets/Guns/Sci Fi Gun Light/_textures/GunTwo/Black
  artifactKey: Guid(a8da4d5529efaee4d88378f447849e12) Importer(815301076,1909f56bfc062723c751e8b465ee728b)
Start importing Assets/Guns/Sci Fi Gun Light/_textures/GunTwo/Black using Guid(a8da4d5529efaee4d88378f447849e12) Importer(815301076,1909f56bfc062723c751e8b465ee728b)  -> (artifact id: 'a75d18ee314f4902e97944b45ff7dc64') in 0.001275 seconds
Number of updated asset objects reloaded before import = 0
Number of asset objects unloaded after import = 0
========================================================================
Received Import Request.
  Time since last request: 0.062213 seconds.
  path: Assets/Guns/Sci Fi Gun Light/_textures/GunTwo/Black/GunTwo_AlbedoTransparency.png
  artifactKey: Guid(bbee312efb984dc47903c8e700c25567) Importer(815301076,1909f56bfc062723c751e8b465ee728b)
Start importing Assets/Guns/Sci Fi Gun Light/_textures/GunTwo/Black/GunTwo_AlbedoTransparency.png using Guid(bbee312efb984dc47903c8e700c25567) Importer(815301076,1909f56bfc062723c751e8b465ee728b)  -> (artifact id: '552ea37238731ba1d044eb30d5ec4ad6') in 0.041074 seconds
Number of updated asset objects reloaded before import = 0
Number of asset objects unloaded after import = 2
========================================================================
Received Import Request.
  Time since last request: 32.755039 seconds.
  path: Assets/Guns/Sci Fi Gun Light/_textures/GunTwo/Black/Materials
  artifactKey: Guid(f524c1b079dc20b43ab23d31b92192b4) Importer(815301076,1909f56bfc062723c751e8b465ee728b)
Start importing Assets/Guns/Sci Fi Gun Light/_textures/GunTwo/Black/Materials using Guid(f524c1b079dc20b43ab23d31b92192b4) Importer(815301076,1909f56bfc062723c751e8b465ee728b)  -> (artifact id: 'e193152aa6fdc4f6886f8674deb64546') in 0.000728 seconds
Number of updated asset objects reloaded before import = 0
Number of asset objects unloaded after import = 0
========================================================================
Received Prepare
Begin MonoManager ReloadAssembly
- Loaded All Assemblies, in  0.488 seconds
Refreshing native plugins compatible for Editor in 3.90 ms, found 3 plugins.
Native extension for WindowsStandalone target not found
Native extension for WebGL target not found
[Package Manager] Server::EnsureServerProcessIsRunning -- launch failed, reason: Unity was launched with the -noUpm command-line argument
[Package Manager] UpmClient::Send -- Unable to send message (not connected to UPM process).
[Package Manager] Cannot connect to Unity Package Manager local server
Mono: successfully reloaded assembly
- Finished resetting the current domain, in  1.021 seconds
Domain Reload Profiling: 1507ms
	BeginReloadAssembly (177ms)
		ExecutionOrderSort (0ms)
		DisableScriptedObjects (5ms)
		BackupInstance (0ms)
		ReleaseScriptingObjects (0ms)
		CreateAndSetChildDomain (40ms)
	RebuildCommonClasses (37ms)
	RebuildNativeTypeToScriptingClass (12ms)
	initialDomainReloadingComplete (34ms)
	LoadAllAssembliesAndSetupDomain (226ms)
		LoadAssemblies (309ms)
		RebuildTransferFunctionScriptingTraits (0ms)
		AnalyzeDomain (15ms)
			TypeCache.Refresh (7ms)
				TypeCache.ScanAssembly (0ms)
			ScanForSourceGeneratedMonoScriptInfo (0ms)
			ResolveRequiredComponents (7ms)
	FinalizeReload (1022ms)
		ReleaseScriptCaches (0ms)
		RebuildScriptCaches (0ms)
		SetupLoadedEditorAssemblies (436ms)
			LogAssemblyErrors (0ms)
			InitializePlatformSupportModulesInManaged (7ms)
			SetLoadedEditorAssemblies (3ms)
			RefreshPlugins (0ms)
			BeforeProcessingInitializeOnLoad (69ms)
			ProcessInitializeOnLoadAttributes (325ms)
			ProcessInitializeOnLoadMethodAttributes (24ms)
			AfterProcessingInitializeOnLoad (7ms)
			EditorAssembliesLoaded (0ms)
		ExecutionOrderSort2 (0ms)
		AwakeInstancesAfterBackupRestoration (9ms)
Refreshing native plugins compatible for Editor in 5.66 ms, found 3 plugins.
Preloading 0 native plugins for Editor in 0.00 ms.
Unloading 3222 Unused Serialized files (Serialized files now loaded: 0)
Unloading 34 unused Assets / (1.3 MB). Loaded Objects now: 3797.
Memory consumption went from 141.5 MB to 140.2 MB.
Total: 5.426600 ms (FindLiveObjects: 0.481100 ms CreateObjectMapping: 0.310900 ms MarkObjects: 3.961200 ms  DeleteObjects: 0.670300 ms)

Prepare: number of updated asset objects reloaded= 0
AssetImportParameters requested are different than current active one (requested -> active):
  custom:container-demuxer-ogg: 62fdf1f143b41e24485cea50d1cbac27 -> 
  custom:video-codec-MediaFoundation-h265: 746d11721c4dcdbdad8f713fa42b33f4 -> 
  custom:video-decoder-ogg-theora: a1e56fd34408186e4bbccfd4996cb3dc -> 
  custom:framework-win-MediaFoundation: 216162199b28c13a410421893ffa2e32 -> 
  custom:CustomObjectIndexerAttribute: 756ad292c208cfabdd7b50bc23989ffe -> 
  custom:container-demuxer-webm: 4f35f7cbe854078d1ac9338744f61a02 -> 
  custom:container-muxer-webm: aa71ff27fc2769a1b78a27578f13a17b -> 
  custom:video-decoder-webm-vp8: 9c59270c3fd7afecdb556c50c9e8de78 -> 
  custom:SearchIndexIgnoredProperties: e643bd26f0fe6173181afceb89e7c659 -> 
  custom:AudioImporter_EditorPlatform: d09bf68614088b80899f8185d706f6e7 -> 
  custom:video-encoder-webm-vp8: eb34c28f22e8b96e1ab97ce403110664 -> 
  custom:audio-decoder-ogg-vorbis: bf7c407c2cedff20999df2af8eb42d56 -> 
  custom:audio-encoder-webm-vorbis: bf7c407c2cedff20999df2af8eb42d56 -> 
========================================================================
Received Prepare
Begin MonoManager ReloadAssembly
- Loaded All Assemblies, in  0.478 seconds
Refreshing native plugins compatible for Editor in 3.37 ms, found 3 plugins.
Native extension for WindowsStandalone target not found
Native extension for WebGL target not found
[Package Manager] Server::EnsureServerProcessIsRunning -- launch failed, reason: Unity was launched with the -noUpm command-line argument
[Package Manager] UpmClient::Send -- Unable to send message (not connected to UPM process).
[Package Manager] Cannot connect to Unity Package Manager local server
Mono: successfully reloaded assembly
- Finished resetting the current domain, in  1.125 seconds
Domain Reload Profiling: 1600ms
	BeginReloadAssembly (171ms)
		ExecutionOrderSort (0ms)
		DisableScriptedObjects (7ms)
		BackupInstance (0ms)
		ReleaseScriptingObjects (0ms)
		CreateAndSetChildDomain (38ms)
	RebuildCommonClasses (38ms)
	RebuildNativeTypeToScriptingClass (12ms)
	initialDomainReloadingComplete (32ms)
	LoadAllAssembliesAndSetupDomain (221ms)
		LoadAssemblies (295ms)
		RebuildTransferFunctionScriptingTraits (0ms)
		AnalyzeDomain (12ms)
			TypeCache.Refresh (6ms)
				TypeCache.ScanAssembly (0ms)
			ScanForSourceGeneratedMonoScriptInfo (0ms)
			ResolveRequiredComponents (5ms)
	FinalizeReload (1126ms)
		ReleaseScriptCaches (0ms)
		RebuildScriptCaches (0ms)
		SetupLoadedEditorAssemblies (521ms)
			LogAssemblyErrors (0ms)
			InitializePlatformSupportModulesInManaged (7ms)
			SetLoadedEditorAssemblies (3ms)
			RefreshPlugins (0ms)
			BeforeProcessingInitializeOnLoad (71ms)
			ProcessInitializeOnLoadAttributes (408ms)
			ProcessInitializeOnLoadMethodAttributes (25ms)
			AfterProcessingInitializeOnLoad (7ms)
			EditorAssembliesLoaded (0ms)
		ExecutionOrderSort2 (0ms)
		AwakeInstancesAfterBackupRestoration (10ms)
Refreshing native plugins compatible for Editor in 4.06 ms, found 3 plugins.
Preloading 0 native plugins for Editor in 0.00 ms.
Unloading 3223 Unused Serialized files (Serialized files now loaded: 0)
Unloading 34 unused Assets / (1.3 MB). Loaded Objects now: 3800.
Memory consumption went from 141.7 MB to 140.5 MB.
Total: 4.305900 ms (FindLiveObjects: 0.382200 ms CreateObjectMapping: 0.148800 ms MarkObjects: 3.238500 ms  DeleteObjects: 0.533100 ms)

Prepare: number of updated asset objects reloaded= 0
AssetImportParameters requested are different than current active one (requested -> active):
  custom:container-demuxer-ogg: 62fdf1f143b41e24485cea50d1cbac27 -> 
  custom:video-codec-MediaFoundation-h265: 746d11721c4dcdbdad8f713fa42b33f4 -> 
  custom:video-decoder-ogg-theora: a1e56fd34408186e4bbccfd4996cb3dc -> 
  custom:framework-win-MediaFoundation: 216162199b28c13a410421893ffa2e32 -> 
  custom:CustomObjectIndexerAttribute: 756ad292c208cfabdd7b50bc23989ffe -> 
  custom:container-demuxer-webm: 4f35f7cbe854078d1ac9338744f61a02 -> 
  custom:container-muxer-webm: aa71ff27fc2769a1b78a27578f13a17b -> 
  custom:video-decoder-webm-vp8: 9c59270c3fd7afecdb556c50c9e8de78 -> 
  custom:SearchIndexIgnoredProperties: e643bd26f0fe6173181afceb89e7c659 -> 
  custom:AudioImporter_EditorPlatform: d09bf68614088b80899f8185d706f6e7 -> 
  custom:video-encoder-webm-vp8: eb34c28f22e8b96e1ab97ce403110664 -> 
  custom:audio-decoder-ogg-vorbis: bf7c407c2cedff20999df2af8eb42d56 -> 
  custom:audio-encoder-webm-vorbis: bf7c407c2cedff20999df2af8eb42d56 -> 
========================================================================
Received Import Request.
  Time since last request: 156.073983 seconds.
  path: Assets/vfx
  artifactKey: Guid(4e9d0f460169987459a13fafbc1bbf92) Importer(815301076,1909f56bfc062723c751e8b465ee728b)
Start importing Assets/vfx using Guid(4e9d0f460169987459a13fafbc1bbf92) Importer(815301076,1909f56bfc062723c751e8b465ee728b)  -> (artifact id: 'ca5db50f8d54dc210b15825e20d06f65') in 0.010786 seconds
Number of updated asset objects reloaded before import = 0
Number of asset objects unloaded after import = 0
========================================================================
Received Import Request.
  Time since last request: 1.014387 seconds.
  path: Assets/vfx/JMO Assets
  artifactKey: Guid(976974e4d3018034e87caeb9f51f20f6) Importer(815301076,1909f56bfc062723c751e8b465ee728b)
Start importing Assets/vfx/JMO Assets using Guid(976974e4d3018034e87caeb9f51f20f6) Importer(815301076,1909f56bfc062723c751e8b465ee728b)  -> (artifact id: 'b73d8d97c44975c6e9e71967b5cdf622') in 0.000589 seconds
Number of updated asset objects reloaded before import = 0
Number of asset objects unloaded after import = 0
========================================================================
Received Prepare
Begin MonoManager ReloadAssembly
- Loaded All Assemblies, in  0.500 seconds
Refreshing native plugins compatible for Editor in 4.86 ms, found 3 plugins.
Native extension for WindowsStandalone target not found
Native extension for WebGL target not found
[Package Manager] Server::EnsureServerProcessIsRunning -- launch failed, reason: Unity was launched with the -noUpm command-line argument
[Package Manager] UpmClient::Send -- Unable to send message (not connected to UPM process).
[Package Manager] Cannot connect to Unity Package Manager local server
Mono: successfully reloaded assembly
- Finished resetting the current domain, in  1.095 seconds
Domain Reload Profiling: 1592ms
	BeginReloadAssembly (169ms)
		ExecutionOrderSort (0ms)
		DisableScriptedObjects (6ms)
		BackupInstance (0ms)
		ReleaseScriptingObjects (0ms)
		CreateAndSetChildDomain (42ms)
	RebuildCommonClasses (36ms)
	RebuildNativeTypeToScriptingClass (12ms)
	initialDomainReloadingComplete (31ms)
	LoadAllAssembliesAndSetupDomain (248ms)
		LoadAssemblies (307ms)
		RebuildTransferFunctionScriptingTraits (0ms)
		AnalyzeDomain (24ms)
			TypeCache.Refresh (10ms)
				TypeCache.ScanAssembly (1ms)
			ScanForSourceGeneratedMonoScriptInfo (8ms)
			ResolveRequiredComponents (5ms)
	FinalizeReload (1096ms)
		ReleaseScriptCaches (0ms)
		RebuildScriptCaches (0ms)
		SetupLoadedEditorAssemblies (428ms)
			LogAssemblyErrors (0ms)
			InitializePlatformSupportModulesInManaged (7ms)
			SetLoadedEditorAssemblies (3ms)
			RefreshPlugins (0ms)
			BeforeProcessingInitializeOnLoad (80ms)
			ProcessInitializeOnLoadAttributes (313ms)
			ProcessInitializeOnLoadMethodAttributes (19ms)
			AfterProcessingInitializeOnLoad (6ms)
			EditorAssembliesLoaded (0ms)
		ExecutionOrderSort2 (0ms)
		AwakeInstancesAfterBackupRestoration (7ms)
Refreshing native plugins compatible for Editor in 3.15 ms, found 3 plugins.
Preloading 0 native plugins for Editor in 0.00 ms.
Unloading 3227 Unused Serialized files (Serialized files now loaded: 0)
Unloading 36 unused Assets / (1.9 MB). Loaded Objects now: 3806.
Memory consumption went from 142.8 MB to 141.0 MB.
Total: 4.286200 ms (FindLiveObjects: 0.430600 ms CreateObjectMapping: 0.134600 ms MarkObjects: 3.153700 ms  DeleteObjects: 0.565600 ms)

Prepare: number of updated asset objects reloaded= 0
AssetImportParameters requested are different than current active one (requested -> active):
  custom:container-demuxer-ogg: 62fdf1f143b41e24485cea50d1cbac27 -> 
  custom:video-codec-MediaFoundation-h265: 746d11721c4dcdbdad8f713fa42b33f4 -> 
  custom:video-decoder-ogg-theora: a1e56fd34408186e4bbccfd4996cb3dc -> 
  custom:framework-win-MediaFoundation: 216162199b28c13a410421893ffa2e32 -> 
  custom:CustomObjectIndexerAttribute: 756ad292c208cfabdd7b50bc23989ffe -> 
  custom:container-demuxer-webm: 4f35f7cbe854078d1ac9338744f61a02 -> 
  custom:container-muxer-webm: aa71ff27fc2769a1b78a27578f13a17b -> 
  custom:video-decoder-webm-vp8: 9c59270c3fd7afecdb556c50c9e8de78 -> 
  custom:SearchIndexIgnoredProperties: e643bd26f0fe6173181afceb89e7c659 -> 
  custom:AudioImporter_EditorPlatform: d09bf68614088b80899f8185d706f6e7 -> 
  custom:video-encoder-webm-vp8: eb34c28f22e8b96e1ab97ce403110664 -> 
  custom:audio-decoder-ogg-vorbis: bf7c407c2cedff20999df2af8eb42d56 -> 
  custom:audio-encoder-webm-vorbis: bf7c407c2cedff20999df2af8eb42d56 -> 
========================================================================
Received Prepare
Begin MonoManager ReloadAssembly
- Loaded All Assemblies, in  0.499 seconds
Refreshing native plugins compatible for Editor in 3.73 ms, found 3 plugins.
Native extension for WindowsStandalone target not found
Native extension for WebGL target not found
[Package Manager] Server::EnsureServerProcessIsRunning -- launch failed, reason: Unity was launched with the -noUpm command-line argument
[Package Manager] UpmClient::Send -- Unable to send message (not connected to UPM process).
[Package Manager] Cannot connect to Unity Package Manager local server
Mono: successfully reloaded assembly
- Finished resetting the current domain, in  1.398 seconds
Domain Reload Profiling: 1894ms
	BeginReloadAssembly (174ms)
		ExecutionOrderSort (0ms)
		DisableScriptedObjects (7ms)
		BackupInstance (0ms)
		ReleaseScriptingObjects (0ms)
		CreateAndSetChildDomain (38ms)
	RebuildCommonClasses (40ms)
	RebuildNativeTypeToScriptingClass (12ms)
	initialDomainReloadingComplete (32ms)
	LoadAllAssembliesAndSetupDomain (238ms)
		LoadAssemblies (317ms)
		RebuildTransferFunctionScriptingTraits (0ms)
		AnalyzeDomain (12ms)
			TypeCache.Refresh (6ms)
				TypeCache.ScanAssembly (0ms)
			ScanForSourceGeneratedMonoScriptInfo (0ms)
			ResolveRequiredComponents (5ms)
	FinalizeReload (1399ms)
		ReleaseScriptCaches (0ms)
		RebuildScriptCaches (0ms)
		SetupLoadedEditorAssemblies (662ms)
			LogAssemblyErrors (0ms)
			InitializePlatformSupportModulesInManaged (13ms)
			SetLoadedEditorAssemblies (6ms)
			RefreshPlugins (0ms)
			BeforeProcessingInitializeOnLoad (95ms)
			ProcessInitializeOnLoadAttributes (501ms)
			ProcessInitializeOnLoadMethodAttributes (37ms)
			AfterProcessingInitializeOnLoad (10ms)
			EditorAssembliesLoaded (0ms)
		ExecutionOrderSort2 (0ms)
		AwakeInstancesAfterBackupRestoration (10ms)
Refreshing native plugins compatible for Editor in 7.18 ms, found 3 plugins.
Preloading 0 native plugins for Editor in 0.00 ms.
Unloading 3228 Unused Serialized files (Serialized files now loaded: 0)
Unloading 36 unused Assets / (1.9 MB). Loaded Objects now: 3809.
Memory consumption went from 143.1 MB to 141.2 MB.
Total: 4.877500 ms (FindLiveObjects: 0.391700 ms CreateObjectMapping: 0.218600 ms MarkObjects: 3.457200 ms  DeleteObjects: 0.807900 ms)

Prepare: number of updated asset objects reloaded= 0
AssetImportParameters requested are different than current active one (requested -> active):
  custom:container-demuxer-ogg: 62fdf1f143b41e24485cea50d1cbac27 -> 
  custom:video-codec-MediaFoundation-h265: 746d11721c4dcdbdad8f713fa42b33f4 -> 
  custom:video-decoder-ogg-theora: a1e56fd34408186e4bbccfd4996cb3dc -> 
  custom:framework-win-MediaFoundation: 216162199b28c13a410421893ffa2e32 -> 
  custom:CustomObjectIndexerAttribute: 756ad292c208cfabdd7b50bc23989ffe -> 
  custom:container-demuxer-webm: 4f35f7cbe854078d1ac9338744f61a02 -> 
  custom:container-muxer-webm: aa71ff27fc2769a1b78a27578f13a17b -> 
  custom:video-decoder-webm-vp8: 9c59270c3fd7afecdb556c50c9e8de78 -> 
  custom:SearchIndexIgnoredProperties: e643bd26f0fe6173181afceb89e7c659 -> 
  custom:AudioImporter_EditorPlatform: d09bf68614088b80899f8185d706f6e7 -> 
  custom:video-encoder-webm-vp8: eb34c28f22e8b96e1ab97ce403110664 -> 
  custom:audio-decoder-ogg-vorbis: bf7c407c2cedff20999df2af8eb42d56 -> 
  custom:audio-encoder-webm-vorbis: bf7c407c2cedff20999df2af8eb42d56 -> 
========================================================================
Received Import Request.
  Time since last request: 795.270814 seconds.
  path: Assets/Models
  artifactKey: Guid(a70cfda02eb457e4eb9f1802a157d703) Importer(815301076,1909f56bfc062723c751e8b465ee728b)
Start importing Assets/Models using Guid(a70cfda02eb457e4eb9f1802a157d703) Importer(815301076,1909f56bfc062723c751e8b465ee728b)  -> (artifact id: 'be0f1b6df1191856727eb44f07f3ba34') in 0.011667 seconds
Number of updated asset objects reloaded before import = 0
Number of asset objects unloaded after import = 0
========================================================================
Received Import Request.
  Time since last request: 2.255862 seconds.
  path: Assets/Models/Hatogame_new
  artifactKey: Guid(62a7ba39edff4434f8450854578c96d7) Importer(815301076,1909f56bfc062723c751e8b465ee728b)
Start importing Assets/Models/Hatogame_new using Guid(62a7ba39edff4434f8450854578c96d7) Importer(815301076,1909f56bfc062723c751e8b465ee728b)  -> (artifact id: 'dbc30816157ca0df2a89a9c1be119e16') in 0.000620 seconds
Number of updated asset objects reloaded before import = 0
Number of asset objects unloaded after import = 0
========================================================================
Received Import Request.
  Time since last request: 1.121712 seconds.
  path: Assets/Models/Hatogame_new/Watcher
  artifactKey: Guid(78ae54bf8802ed945906b921aaf5e935) Importer(815301076,1909f56bfc062723c751e8b465ee728b)
Start importing Assets/Models/Hatogame_new/Watcher using Guid(78ae54bf8802ed945906b921aaf5e935) Importer(815301076,1909f56bfc062723c751e8b465ee728b)  -> (artifact id: '279df174cd9b7f4f013d6b06d845797a') in 0.000596 seconds
Number of updated asset objects reloaded before import = 0
Number of asset objects unloaded after import = 0
========================================================================
Received Import Request.
  Time since last request: 3.701415 seconds.
  path: Assets/Models/Hatogame_new/Watcher/Prefabs
  artifactKey: Guid(13b833d6a70198b4b9a465ea53f7d278) Importer(815301076,1909f56bfc062723c751e8b465ee728b)
Start importing Assets/Models/Hatogame_new/Watcher/Prefabs using Guid(13b833d6a70198b4b9a465ea53f7d278) Importer(815301076,1909f56bfc062723c751e8b465ee728b)  -> (artifact id: '61ddf26738a2a85da6cffcf86885e5cb') in 0.000761 seconds
Number of updated asset objects reloaded before import = 0
Number of asset objects unloaded after import = 0
========================================================================
Received Import Request.
  Time since last request: 1.177756 seconds.
  path: Assets/Models/Hatogame_new/Watcher/Material
  artifactKey: Guid(45a12d5aa1e3f5d4dad3cce1211a1811) Importer(815301076,1909f56bfc062723c751e8b465ee728b)
Start importing Assets/Models/Hatogame_new/Watcher/Material using Guid(45a12d5aa1e3f5d4dad3cce1211a1811) Importer(815301076,1909f56bfc062723c751e8b465ee728b)  -> (artifact id: 'e8963f0fd39309629dd616cd003d7760') in 0.000673 seconds
Number of updated asset objects reloaded before import = 0
Number of asset objects unloaded after import = 0
========================================================================
Received Import Request.
  Time since last request: 0.065924 seconds.
  path: Assets/Models/Hatogame_new/Watcher/Material/WatcherA_Mat.mat
  artifactKey: Guid(4973ad056749a5c49ad60dacc581b405) Importer(815301076,1909f56bfc062723c751e8b465ee728b)
Start importing Assets/Models/Hatogame_new/Watcher/Material/WatcherA_Mat.mat using Guid(4973ad056749a5c49ad60dacc581b405) Importer(815301076,1909f56bfc062723c751e8b465ee728b)  -> (artifact id: '7397ef1e54e4c70cef4ce67652ebcb2a') in 0.228076 seconds
Number of updated asset objects reloaded before import = 0
Number of asset objects unloaded after import = 4
========================================================================
Received Import Request.
  Time since last request: 27.684391 seconds.
  path: Assets/Models/Hatogame_new/Watcher/Prefabs/Watcher_A.prefab
  artifactKey: Guid(c4af682be65ae26478eefbc1f12c90a1) Importer(815301076,1909f56bfc062723c751e8b465ee728b)
Start importing Assets/Models/Hatogame_new/Watcher/Prefabs/Watcher_A.prefab using Guid(c4af682be65ae26478eefbc1f12c90a1) Importer(815301076,1909f56bfc062723c751e8b465ee728b)  -> (artifact id: '3f3d0ae5e6fe19d3a9b04998e9ec0c20') in 0.085702 seconds
Number of updated asset objects reloaded before import = 0
Number of asset objects unloaded after import = 98
========================================================================
Received Import Request.
  Time since last request: 33.881757 seconds.
  path: Assets/Models/Hatogame_new/Watcher/Materials/Watcher_Albedo.mat
  artifactKey: Guid(55c7b9552004f7941825575ab55fb912) Importer(815301076,1909f56bfc062723c751e8b465ee728b)
Start importing Assets/Models/Hatogame_new/Watcher/Materials/Watcher_Albedo.mat using Guid(55c7b9552004f7941825575ab55fb912) Importer(815301076,1909f56bfc062723c751e8b465ee728b)  -> (artifact id: '69850494a60833ddae7e5c9a8177f973') in 0.024839 seconds
Number of updated asset objects reloaded before import = 0
Number of asset objects unloaded after import = 2
========================================================================
Received Import Request.
  Time since last request: 0.000016 seconds.
  path: Assets/Models/Hatogame_new/Watcher/Materials/Watcher_Normal.mat
  artifactKey: Guid(355a136033973294bb558f03a0679afb) Importer(815301076,1909f56bfc062723c751e8b465ee728b)
Start importing Assets/Models/Hatogame_new/Watcher/Materials/Watcher_Normal.mat using Guid(355a136033973294bb558f03a0679afb) Importer(815301076,1909f56bfc062723c751e8b465ee728b)  -> (artifact id: '62e33d26b4f063523ed4596a0f2e3ba0') in 0.025661 seconds
Number of updated asset objects reloaded before import = 0
Number of asset objects unloaded after import = 2
========================================================================
Received Import Request.
  Time since last request: 5.810306 seconds.
  path: Assets/Models/Hatogame_new/Watcher/Materials
  artifactKey: Guid(2a50c2a00bc3df448af7a9a67c6b1dad) Importer(815301076,1909f56bfc062723c751e8b465ee728b)
Start importing Assets/Models/Hatogame_new/Watcher/Materials using Guid(2a50c2a00bc3df448af7a9a67c6b1dad) Importer(815301076,1909f56bfc062723c751e8b465ee728b)  -> (artifact id: '5c6060bb7e1ca9c49e7c80280ca92021') in 0.001093 seconds
Number of updated asset objects reloaded before import = 0
Number of asset objects unloaded after import = 0
========================================================================
Received Import Request.
  Time since last request: 76.545087 seconds.
  path: Assets/Models/Hatogame_new/Watcher/Animation
  artifactKey: Guid(fa7619e45e5c6cb4fb91a50c605082ea) Importer(815301076,1909f56bfc062723c751e8b465ee728b)
Start importing Assets/Models/Hatogame_new/Watcher/Animation using Guid(fa7619e45e5c6cb4fb91a50c605082ea) Importer(815301076,1909f56bfc062723c751e8b465ee728b)  -> (artifact id: 'af0b61d63b81030872949d006947ffec') in 0.000618 seconds
Number of updated asset objects reloaded before import = 0
Number of asset objects unloaded after import = 0
========================================================================
Received Import Request.
  Time since last request: 0.074950 seconds.
  path: Assets/Models/Hatogame_new/Watcher/Animation/Watcher@attack1.FBX
  artifactKey: Guid(1455634421bcd7b4b88cc15e6e95f520) Importer(815301076,1909f56bfc062723c751e8b465ee728b)
Start importing Assets/Models/Hatogame_new/Watcher/Animation/Watcher@attack1.FBX using Guid(1455634421bcd7b4b88cc15e6e95f520) Importer(815301076,1909f56bfc062723c751e8b465ee728b)  -> (artifact id: 'df37f4ee29933707f0e25f2a0b6d0ac1') in 0.004453 seconds
Number of updated asset objects reloaded before import = 0
Number of asset objects unloaded after import = 29
========================================================================
Received Import Request.
  Time since last request: 0.006019 seconds.
  path: Assets/Models/Hatogame_new/Watcher/Animation/Watcher@hit.FBX
  artifactKey: Guid(0d5fcf1279f534f4d8347cb461d4c60a) Importer(815301076,1909f56bfc062723c751e8b465ee728b)
Start importing Assets/Models/Hatogame_new/Watcher/Animation/Watcher@hit.FBX using Guid(0d5fcf1279f534f4d8347cb461d4c60a) Importer(815301076,1909f56bfc062723c751e8b465ee728b)  -> (artifact id: '56683191e7ce850536fe6e4965b36f68') in 0.005741 seconds
Number of updated asset objects reloaded before import = 0
Number of asset objects unloaded after import = 29
========================================================================
Received Import Request.
  Time since last request: 0.004487 seconds.
  path: Assets/Models/Hatogame_new/Watcher/Animation/Watcher@sturn.FBX
  artifactKey: Guid(200c2961b52f60845aa4008409aac699) Importer(815301076,1909f56bfc062723c751e8b465ee728b)
Start importing Assets/Models/Hatogame_new/Watcher/Animation/Watcher@sturn.FBX using Guid(200c2961b52f60845aa4008409aac699) Importer(815301076,1909f56bfc062723c751e8b465ee728b)  -> (artifact id: '0fa5274cfc08a1462797654ecb407c0a') in 0.007869 seconds
Number of updated asset objects reloaded before import = 0
Number of asset objects unloaded after import = 29
========================================================================
Received Import Request.
  Time since last request: 0.000027 seconds.
  path: Assets/Models/Hatogame_new/Watcher/Animation/Watcher@run.FBX
  artifactKey: Guid(9e63e165047bc2341a96d193b84d75ab) Importer(815301076,1909f56bfc062723c751e8b465ee728b)
Start importing Assets/Models/Hatogame_new/Watcher/Animation/Watcher@run.FBX using Guid(9e63e165047bc2341a96d193b84d75ab) Importer(815301076,1909f56bfc062723c751e8b465ee728b)  -> (artifact id: 'bd47a478a601ef9778248f92e86e37d1') in 0.006600 seconds
Number of updated asset objects reloaded before import = 0
Number of asset objects unloaded after import = 29
========================================================================
Received Prepare
Begin MonoManager ReloadAssembly
- Loaded All Assemblies, in  0.586 seconds
Refreshing native plugins compatible for Editor in 4.83 ms, found 3 plugins.
Native extension for WindowsStandalone target not found
Native extension for WebGL target not found
[Package Manager] Server::EnsureServerProcessIsRunning -- launch failed, reason: Unity was launched with the -noUpm command-line argument
[Package Manager] UpmClient::Send -- Unable to send message (not connected to UPM process).
[Package Manager] Cannot connect to Unity Package Manager local server
Mono: successfully reloaded assembly
- Finished resetting the current domain, in  1.337 seconds
Domain Reload Profiling: 1920ms
	BeginReloadAssembly (210ms)
		ExecutionOrderSort (0ms)
		DisableScriptedObjects (5ms)
		BackupInstance (0ms)
		ReleaseScriptingObjects (0ms)
		CreateAndSetChildDomain (49ms)
	RebuildCommonClasses (48ms)
	RebuildNativeTypeToScriptingClass (13ms)
	initialDomainReloadingComplete (35ms)
	LoadAllAssembliesAndSetupDomain (277ms)
		LoadAssemblies (377ms)
		RebuildTransferFunctionScriptingTraits (0ms)
		AnalyzeDomain (16ms)
			TypeCache.Refresh (7ms)
				TypeCache.ScanAssembly (0ms)
			ScanForSourceGeneratedMonoScriptInfo (0ms)
			ResolveRequiredComponents (7ms)
	FinalizeReload (1338ms)
		ReleaseScriptCaches (0ms)
		RebuildScriptCaches (0ms)
		SetupLoadedEditorAssemblies (577ms)
			LogAssemblyErrors (0ms)
			InitializePlatformSupportModulesInManaged (11ms)
			SetLoadedEditorAssemblies (4ms)
			RefreshPlugins (0ms)
			BeforeProcessingInitializeOnLoad (88ms)
			ProcessInitializeOnLoadAttributes (428ms)
			ProcessInitializeOnLoadMethodAttributes (37ms)
			AfterProcessingInitializeOnLoad (9ms)
			EditorAssembliesLoaded (0ms)
		ExecutionOrderSort2 (0ms)
		AwakeInstancesAfterBackupRestoration (12ms)
Refreshing native plugins compatible for Editor in 5.29 ms, found 3 plugins.
Preloading 0 native plugins for Editor in 0.00 ms.
Unloading 3227 Unused Serialized files (Serialized files now loaded: 0)
Unloading 36 unused Assets / (1.9 MB). Loaded Objects now: 3823.
Memory consumption went from 144.5 MB to 142.6 MB.
Total: 6.273900 ms (FindLiveObjects: 0.600200 ms CreateObjectMapping: 0.247300 ms MarkObjects: 4.147800 ms  DeleteObjects: 1.275300 ms)

Prepare: number of updated asset objects reloaded= 0
AssetImportParameters requested are different than current active one (requested -> active):
  custom:container-demuxer-ogg: 62fdf1f143b41e24485cea50d1cbac27 -> 
  custom:video-codec-MediaFoundation-h265: 746d11721c4dcdbdad8f713fa42b33f4 -> 
  custom:video-decoder-ogg-theora: a1e56fd34408186e4bbccfd4996cb3dc -> 
  custom:framework-win-MediaFoundation: 216162199b28c13a410421893ffa2e32 -> 
  custom:CustomObjectIndexerAttribute: 756ad292c208cfabdd7b50bc23989ffe -> 
  custom:container-demuxer-webm: 4f35f7cbe854078d1ac9338744f61a02 -> 
  custom:container-muxer-webm: aa71ff27fc2769a1b78a27578f13a17b -> 
  custom:video-decoder-webm-vp8: 9c59270c3fd7afecdb556c50c9e8de78 -> 
  custom:SearchIndexIgnoredProperties: e643bd26f0fe6173181afceb89e7c659 -> 
  custom:AudioImporter_EditorPlatform: d09bf68614088b80899f8185d706f6e7 -> 
  custom:video-encoder-webm-vp8: eb34c28f22e8b96e1ab97ce403110664 -> 
  custom:audio-decoder-ogg-vorbis: bf7c407c2cedff20999df2af8eb42d56 -> 
  custom:audio-encoder-webm-vorbis: bf7c407c2cedff20999df2af8eb42d56 -> 
Editor requested this worker to shutdown with reason: Scaling down because of idle timeout
TcpMessagingSession - receive error: operation aborted. errorcode: 995, details: The I/O operation has been aborted because of either a thread exit or an application request.
AssetImportWorker is now disconnected from the server
Process exiting
Exiting without the bug reporter. Application will terminate with return code 0